<?xml version="1.0" encoding="UTF-8"?>
<!-- Generated by org.testng.reporters.JUnitXMLReporter -->
<testsuite ignored="0" hostname="DESKTOP-R026JPS" failures="1" tests="2" name="Test" time="20.137" errors="0" timestamp="2024-06-12T14:17:13 IST">
  <testcase classname="Cyclos_TestCase.Cyclos_TC_LoginTest" name="LoginTest" time="3.035"/>
  <testcase classname="Cyclos_TestCase.Cyclos_TC_RegisterTest" name="Cyclos_Register" time="8.075">
    <failure type="java.lang.IllegalArgumentException" message="Keys to send should be a not null CharSequence">
      <![CDATA[java.lang.IllegalArgumentException: Keys to send should be a not null CharSequence
at org.openqa.selenium.remote.RemoteWebElement.sendKeys(RemoteWebElement.java:93)
at org.openqa.selenium.support.pagefactory.internal.LocatingElementHandler.invoke(LocatingElementHandler.java:51)
at jdk.proxy2/jdk.proxy2.$Proxy16.sendKeys(Unknown Source)
at Cyclos_PageObject.Cyclos_RegisterPage.setPassword(Cyclos_RegisterPage.java:71)
at Cyclos_TestCase.Cyclos_TC_RegisterTest.Cyclos_Register(Cyclos_TC_RegisterTest.java:18)
at java.base/java.util.ArrayList.forEach(ArrayList.java:1511)
... Removed 31 stack frames]]>
    </failure>
  </testcase> <!-- Cyclos_Register -->
</testsuite> <!-- Test -->
