<?xml version="1.0" encoding="UTF-8"?>
<testng-results ignored="0" total="2" passed="1" failed="1" skipped="0">
  <reporter-output>
  </reporter-output>
  <suite started-at="2024-06-12T14:16:53 IST" name="Suite" finished-at="2024-06-12T14:17:13 IST" duration-ms="20137">
    <groups>
    </groups>
    <test started-at="2024-06-12T14:16:53 IST" name="Test" finished-at="2024-06-12T14:17:13 IST" duration-ms="20137">
      <class name="Cyclos_TestCase.Cyclos_TC_LoginTest">
        <test-method is-config="true" signature="openApp()[pri:0, instance:Cyclos_TestCase.Cyclos_TC_LoginTest@3eb738bb]" started-at="2024-06-12T14:16:53 IST" name="openApp" finished-at="2024-06-12T14:16:58 IST" duration-ms="4659" status="PASS">
          <reporter-output>
          </reporter-output>
        </test-method> <!-- openApp -->
        <test-method signature="LoginTest()[pri:0, instance:Cyclos_TestCase.Cyclos_TC_LoginTest@3eb738bb]" started-at="2024-06-12T14:16:58 IST" name="LoginTest" finished-at="2024-06-12T14:17:01 IST" duration-ms="3035" status="PASS">
          <reporter-output>
          </reporter-output>
        </test-method> <!-- LoginTest -->
        <test-method is-config="true" signature="closeApp()[pri:0, instance:Cyclos_TestCase.Cyclos_TC_LoginTest@3eb738bb]" started-at="2024-06-12T14:17:01 IST" name="closeApp" finished-at="2024-06-12T14:17:01 IST" duration-ms="0" status="PASS">
          <reporter-output>
          </reporter-output>
        </test-method> <!-- closeApp -->
      </class> <!-- Cyclos_TestCase.Cyclos_TC_LoginTest -->
      <class name="Cyclos_TestCase.Cyclos_TC_RegisterTest">
        <test-method is-config="true" signature="openApp()[pri:0, instance:Cyclos_TestCase.Cyclos_TC_RegisterTest@1fa121e2]" started-at="2024-06-12T14:17:01 IST" name="openApp" finished-at="2024-06-12T14:17:05 IST" duration-ms="4309" status="PASS">
          <reporter-output>
          </reporter-output>
        </test-method> <!-- openApp -->
        <test-method signature="Cyclos_Register()[pri:0, instance:Cyclos_TestCase.Cyclos_TC_RegisterTest@1fa121e2]" started-at="2024-06-12T14:17:05 IST" name="Cyclos_Register" finished-at="2024-06-12T14:17:13 IST" duration-ms="8075" status="FAIL">
          <exception class="java.lang.IllegalArgumentException">
            <message>
              <![CDATA[Keys to send should be a not null CharSequence]]>
            </message>
            <full-stacktrace>
              <![CDATA[java.lang.IllegalArgumentException: Keys to send should be a not null CharSequence
at org.openqa.selenium.remote.RemoteWebElement.sendKeys(RemoteWebElement.java:93)
at java.base/jdk.internal.reflect.NativeMethodAccessorImpl.invoke0(Native Method)
at java.base/jdk.internal.reflect.NativeMethodAccessorImpl.invoke(NativeMethodAccessorImpl.java:77)
at java.base/jdk.internal.reflect.DelegatingMethodAccessorImpl.invoke(DelegatingMethodAccessorImpl.java:43)
at java.base/java.lang.reflect.Method.invoke(Method.java:568)
at org.openqa.selenium.support.pagefactory.internal.LocatingElementHandler.invoke(LocatingElementHandler.java:51)
at jdk.proxy2/jdk.proxy2.$Proxy16.sendKeys(Unknown Source)
at Cyclos_PageObject.Cyclos_RegisterPage.setPassword(Cyclos_RegisterPage.java:71)
at Cyclos_TestCase.Cyclos_TC_RegisterTest.Cyclos_Register(Cyclos_TC_RegisterTest.java:18)
at java.base/jdk.internal.reflect.NativeMethodAccessorImpl.invoke0(Native Method)
at java.base/jdk.internal.reflect.NativeMethodAccessorImpl.invoke(NativeMethodAccessorImpl.java:77)
at java.base/jdk.internal.reflect.DelegatingMethodAccessorImpl.invoke(DelegatingMethodAccessorImpl.java:43)
at java.base/java.lang.reflect.Method.invoke(Method.java:568)
at org.testng.internal.invokers.MethodInvocationHelper.invokeMethod(MethodInvocationHelper.java:139)
at org.testng.internal.invokers.TestInvoker.invokeMethod(TestInvoker.java:664)
at org.testng.internal.invokers.TestInvoker.invokeTestMethod(TestInvoker.java:227)
at org.testng.internal.invokers.MethodRunner.runInSequence(MethodRunner.java:50)
at org.testng.internal.invokers.TestInvoker$MethodInvocationAgent.invoke(TestInvoker.java:957)
at org.testng.internal.invokers.TestInvoker.invokeTestMethods(TestInvoker.java:200)
at org.testng.internal.invokers.TestMethodWorker.invokeTestMethods(TestMethodWorker.java:148)
at org.testng.internal.invokers.TestMethodWorker.run(TestMethodWorker.java:128)
at java.base/java.util.ArrayList.forEach(ArrayList.java:1511)
at org.testng.TestRunner.privateRun(TestRunner.java:848)
at org.testng.TestRunner.run(TestRunner.java:621)
at org.testng.SuiteRunner.runTest(SuiteRunner.java:443)
at org.testng.SuiteRunner.runSequentially(SuiteRunner.java:437)
at org.testng.SuiteRunner.privateRun(SuiteRunner.java:397)
at org.testng.SuiteRunner.run(SuiteRunner.java:336)
at org.testng.SuiteRunnerWorker.runSuite(SuiteRunnerWorker.java:52)
at org.testng.SuiteRunnerWorker.run(SuiteRunnerWorker.java:95)
at org.testng.TestNG.runSuitesSequentially(TestNG.java:1280)
at org.testng.TestNG.runSuitesLocally(TestNG.java:1200)
at org.testng.TestNG.runSuites(TestNG.java:1114)
at org.testng.TestNG.run(TestNG.java:1082)
at org.testng.remote.AbstractRemoteTestNG.run(AbstractRemoteTestNG.java:115)
at org.testng.remote.RemoteTestNG.initAndRun(RemoteTestNG.java:293)
at org.testng.remote.RemoteTestNG.main(RemoteTestNG.java:91)
]]>
            </full-stacktrace>
          </exception> <!-- java.lang.IllegalArgumentException -->
          <reporter-output>
          </reporter-output>
        </test-method> <!-- Cyclos_Register -->
        <test-method is-config="true" signature="closeApp()[pri:0, instance:Cyclos_TestCase.Cyclos_TC_RegisterTest@1fa121e2]" started-at="2024-06-12T14:17:13 IST" name="closeApp" finished-at="2024-06-12T14:17:13 IST" duration-ms="1" status="PASS">
          <reporter-output>
          </reporter-output>
        </test-method> <!-- closeApp -->
      </class> <!-- Cyclos_TestCase.Cyclos_TC_RegisterTest -->
    </test> <!-- Test -->
  </suite> <!-- Suite -->
</testng-results>
